<?xml version="1.0" encoding="UTF-8"?>
<!-- Generated by org.testng.reporters.JUnitReportReporter -->
<testsuite hostname="LAPTOP-MVH0O3DS" failures="0" tests="1" name="ExcelReadWrite" time="0.803" errors="0" timestamp="2024-08-02T01:44:46 IST" skipped="0">
  <testcase classname="ExcelReadWrite" name="excelOperations" time="0.803"/>
  <system-out/>
</testsuite> <!-- ExcelReadWrite -->
