<?xml version="1.0" encoding="UTF-8"?>
<!-- Generated by org.testng.reporters.JUnitReportReporter -->
<testsuite hostname="LAPTOP-MVH0O3DS" failures="0" tests="1" name="FirstCode" time="9.230" errors="0" timestamp="2024-07-29T01:44:21 IST" skipped="0">
  <testcase classname="FirstCode" name="test1" time="9.230"/>
  <system-out/>
</testsuite> <!-- FirstCode -->
